CRITICAL - 2024-09-05 00:53:17 --> Creation of dynamic property App\Controllers\Blog::$session is deprecated
in APPPATH/Controllers/Blog.php on line 15.
 1 APPPATH/Controllers/Blog.php(15): CodeIgniter\Debug\Exceptions->errorHandler()
 2 SYSTEMPATH/CodeIgniter.php(858): App\Controllers\Blog->__construct()
 3 SYSTEMPATH/CodeIgniter.php(457): CodeIgniter\CodeIgniter->createController()
 4 SYSTEMPATH/CodeIgniter.php(349): CodeIgniter\CodeIgniter->handleRequest()
 5 FCPATH/index.php(55): CodeIgniter\CodeIgniter->run()
CRITICAL - 2024-09-05 00:54:14 --> Creation of dynamic property App\Controllers\Blog::$session is deprecated
in APPPATH/Controllers/Blog.php on line 15.
 1 APPPATH/Controllers/Blog.php(15): CodeIgniter\Debug\Exceptions->errorHandler()
 2 SYSTEMPATH/CodeIgniter.php(858): App\Controllers\Blog->__construct()
 3 SYSTEMPATH/CodeIgniter.php(457): CodeIgniter\CodeIgniter->createController()
 4 SYSTEMPATH/CodeIgniter.php(349): CodeIgniter\CodeIgniter->handleRequest()
 5 FCPATH/index.php(55): CodeIgniter\CodeIgniter->run()
CRITICAL - 2024-09-05 01:16:22 --> Creation of dynamic property App\Controllers\Blog::$session is deprecated
in APPPATH/Controllers/Blog.php on line 15.
 1 APPPATH/Controllers/Blog.php(15): CodeIgniter\Debug\Exceptions->errorHandler()
 2 SYSTEMPATH/CodeIgniter.php(858): App\Controllers\Blog->__construct()
 3 SYSTEMPATH/CodeIgniter.php(457): CodeIgniter\CodeIgniter->createController()
 4 SYSTEMPATH/CodeIgniter.php(349): CodeIgniter\CodeIgniter->handleRequest()
 5 FCPATH/index.php(55): CodeIgniter\CodeIgniter->run()
CRITICAL - 2024-09-05 01:32:06 --> Creation of dynamic property App\Controllers\Blog::$session is deprecated
in APPPATH/Controllers/Blog.php on line 15.
 1 APPPATH/Controllers/Blog.php(15): CodeIgniter\Debug\Exceptions->errorHandler()
 2 SYSTEMPATH/CodeIgniter.php(858): App\Controllers\Blog->__construct()
 3 SYSTEMPATH/CodeIgniter.php(457): CodeIgniter\CodeIgniter->createController()
 4 SYSTEMPATH/CodeIgniter.php(349): CodeIgniter\CodeIgniter->handleRequest()
 5 FCPATH/index.php(55): CodeIgniter\CodeIgniter->run()
CRITICAL - 2024-09-05 01:35:12 --> Creation of dynamic property App\Controllers\Blog::$db is deprecated
in APPPATH/Controllers/Blog.php on line 18.
 1 APPPATH/Controllers/Blog.php(18): CodeIgniter\Debug\Exceptions->errorHandler()
 2 SYSTEMPATH/CodeIgniter.php(858): App\Controllers\Blog->__construct()
 3 SYSTEMPATH/CodeIgniter.php(457): CodeIgniter\CodeIgniter->createController()
 4 SYSTEMPATH/CodeIgniter.php(349): CodeIgniter\CodeIgniter->handleRequest()
 5 FCPATH/index.php(55): CodeIgniter\CodeIgniter->run()
CRITICAL - 2024-09-05 01:35:45 --> Creation of dynamic property App\Controllers\Blog::$auth_model is deprecated
in APPPATH/Controllers/Blog.php on line 20.
 1 APPPATH/Controllers/Blog.php(20): CodeIgniter\Debug\Exceptions->errorHandler()
 2 SYSTEMPATH/CodeIgniter.php(858): App\Controllers\Blog->__construct()
 3 SYSTEMPATH/CodeIgniter.php(457): CodeIgniter\CodeIgniter->createController()
 4 SYSTEMPATH/CodeIgniter.php(349): CodeIgniter\CodeIgniter->handleRequest()
 5 FCPATH/index.php(55): CodeIgniter\CodeIgniter->run()
CRITICAL - 2024-09-05 01:36:17 --> Class "App\Controllers\AuthModel" not found
in APPPATH/Controllers/Blog.php on line 21.
 1 SYSTEMPATH/CodeIgniter.php(858): App\Controllers\Blog->__construct()
 2 SYSTEMPATH/CodeIgniter.php(457): CodeIgniter\CodeIgniter->createController()
 3 SYSTEMPATH/CodeIgniter.php(349): CodeIgniter\CodeIgniter->handleRequest()
 4 FCPATH/index.php(55): CodeIgniter\CodeIgniter->run()
CRITICAL - 2024-09-05 01:36:41 --> Creation of dynamic property App\Controllers\Blog::$category_model is deprecated
in APPPATH/Controllers/Blog.php on line 22.
 1 APPPATH/Controllers/Blog.php(22): CodeIgniter\Debug\Exceptions->errorHandler()
 2 SYSTEMPATH/CodeIgniter.php(858): App\Controllers\Blog->__construct()
 3 SYSTEMPATH/CodeIgniter.php(457): CodeIgniter\CodeIgniter->createController()
 4 SYSTEMPATH/CodeIgniter.php(349): CodeIgniter\CodeIgniter->handleRequest()
 5 FCPATH/index.php(55): CodeIgniter\CodeIgniter->run()
CRITICAL - 2024-09-05 01:37:36 --> Class "App\Controllers\CategoryModel" not found
in APPPATH/Controllers/Blog.php on line 23.
 1 SYSTEMPATH/CodeIgniter.php(858): App\Controllers\Blog->__construct()
 2 SYSTEMPATH/CodeIgniter.php(457): CodeIgniter\CodeIgniter->createController()
 3 SYSTEMPATH/CodeIgniter.php(349): CodeIgniter\CodeIgniter->handleRequest()
 4 FCPATH/index.php(55): CodeIgniter\CodeIgniter->run()
CRITICAL - 2024-09-05 01:37:57 --> Creation of dynamic property App\Controllers\Blog::$post_model is deprecated
in APPPATH/Controllers/Blog.php on line 24.
 1 APPPATH/Controllers/Blog.php(24): CodeIgniter\Debug\Exceptions->errorHandler()
 2 SYSTEMPATH/CodeIgniter.php(858): App\Controllers\Blog->__construct()
 3 SYSTEMPATH/CodeIgniter.php(457): CodeIgniter\CodeIgniter->createController()
 4 SYSTEMPATH/CodeIgniter.php(349): CodeIgniter\CodeIgniter->handleRequest()
 5 FCPATH/index.php(55): CodeIgniter\CodeIgniter->run()
CRITICAL - 2024-09-05 01:38:45 --> Unclosed '{' on line 19 does not match ')'
in APPPATH/Controllers/Blog.php on line 25.
 1 SYSTEMPATH/Autoloader/Autoloader.php(261): CodeIgniter\Autoloader\Autoloader->includeFile()
 2 SYSTEMPATH/Autoloader/Autoloader.php(239): CodeIgniter\Autoloader\Autoloader->loadInNamespace()
 3 [internal function]: CodeIgniter\Autoloader\Autoloader->loadClass()
 4 SYSTEMPATH/CodeIgniter.php(846): class_exists()
 5 SYSTEMPATH/CodeIgniter.php(453): CodeIgniter\CodeIgniter->startController()
 6 SYSTEMPATH/CodeIgniter.php(349): CodeIgniter\CodeIgniter->handleRequest()
 7 FCPATH/index.php(55): CodeIgniter\CodeIgniter->run()
ERROR - 2024-09-05 01:38:59 --> Error connecting to the database: Access denied for user '****'@'localhost' (using password: NO)
CRITICAL - 2024-09-05 01:38:59 --> Unable to connect to the database.
Main connection [MySQLi]: Access denied for user '****'@'localhost' (using password: NO)
in SYSTEMPATH/Database/BaseConnection.php on line 416.
 1 SYSTEMPATH/Database/BaseConnection.php(586): CodeIgniter\Database\BaseConnection->initialize()
 2 SYSTEMPATH/Database/BaseBuilder.php(1585): CodeIgniter\Database\BaseConnection->query()
 3 SYSTEMPATH/Model.php(184): CodeIgniter\Database\BaseBuilder->get()
 4 SYSTEMPATH/BaseModel.php(523): CodeIgniter\Model->doFind()
 5 APPPATH/Controllers/Blog.php(26): CodeIgniter\BaseModel->find()
 6 SYSTEMPATH/CodeIgniter.php(858): App\Controllers\Blog->__construct()
 7 SYSTEMPATH/CodeIgniter.php(457): CodeIgniter\CodeIgniter->createController()
 8 SYSTEMPATH/CodeIgniter.php(349): CodeIgniter\CodeIgniter->handleRequest()
 9 FCPATH/index.php(55): CodeIgniter\CodeIgniter->run()
ERROR - 2024-09-05 01:44:08 --> Error connecting to the database: Access denied for user '****'@'localhost' (using password: NO)
CRITICAL - 2024-09-05 01:44:08 --> Unable to connect to the database.
Main connection [MySQLi]: Access denied for user '****'@'localhost' (using password: NO)
in SYSTEMPATH/Database/BaseConnection.php on line 416.
 1 SYSTEMPATH/Database/BaseConnection.php(586): CodeIgniter\Database\BaseConnection->initialize()
 2 SYSTEMPATH/Database/BaseBuilder.php(1585): CodeIgniter\Database\BaseConnection->query()
 3 SYSTEMPATH/Model.php(184): CodeIgniter\Database\BaseBuilder->get()
 4 SYSTEMPATH/BaseModel.php(523): CodeIgniter\Model->doFind()
 5 APPPATH/Controllers/Blog.php(26): CodeIgniter\BaseModel->find()
 6 SYSTEMPATH/CodeIgniter.php(858): App\Controllers\Blog->__construct()
 7 SYSTEMPATH/CodeIgniter.php(457): CodeIgniter\CodeIgniter->createController()
 8 SYSTEMPATH/CodeIgniter.php(349): CodeIgniter\CodeIgniter->handleRequest()
 9 FCPATH/index.php(55): CodeIgniter\CodeIgniter->run()
ERROR - 2024-09-05 01:44:39 --> Error connecting to the database: Access denied for user ''@'localhost' (using password: NO)
CRITICAL - 2024-09-05 01:44:39 --> Unable to connect to the database.
Main connection [MySQLi]: Access denied for user ''@'localhost' (using password: NO)
in SYSTEMPATH/Database/BaseConnection.php on line 416.
 1 SYSTEMPATH/Database/BaseConnection.php(586): CodeIgniter\Database\BaseConnection->initialize()
 2 SYSTEMPATH/Database/BaseBuilder.php(1585): CodeIgniter\Database\BaseConnection->query()
 3 SYSTEMPATH/Model.php(184): CodeIgniter\Database\BaseBuilder->get()
 4 SYSTEMPATH/BaseModel.php(523): CodeIgniter\Model->doFind()
 5 APPPATH/Controllers/Blog.php(26): CodeIgniter\BaseModel->find()
 6 SYSTEMPATH/CodeIgniter.php(858): App\Controllers\Blog->__construct()
 7 SYSTEMPATH/CodeIgniter.php(457): CodeIgniter\CodeIgniter->createController()
 8 SYSTEMPATH/CodeIgniter.php(349): CodeIgniter\CodeIgniter->handleRequest()
 9 FCPATH/index.php(55): CodeIgniter\CodeIgniter->run()
ERROR - 2024-09-05 01:49:14 --> Error connecting to the database: Access denied for user ''@'localhost' (using password: NO)
CRITICAL - 2024-09-05 01:49:14 --> Unable to connect to the database.
Main connection [MySQLi]: Access denied for user ''@'localhost' (using password: NO)
in SYSTEMPATH/Database/BaseConnection.php on line 416.
 1 SYSTEMPATH/Database/BaseConnection.php(586): CodeIgniter\Database\BaseConnection->initialize()
 2 SYSTEMPATH/Database/BaseBuilder.php(1585): CodeIgniter\Database\BaseConnection->query()
 3 SYSTEMPATH/Model.php(184): CodeIgniter\Database\BaseBuilder->get()
 4 SYSTEMPATH/BaseModel.php(523): CodeIgniter\Model->doFind()
 5 APPPATH/Controllers/Blog.php(26): CodeIgniter\BaseModel->find()
 6 SYSTEMPATH/CodeIgniter.php(858): App\Controllers\Blog->__construct()
 7 SYSTEMPATH/CodeIgniter.php(457): CodeIgniter\CodeIgniter->createController()
 8 SYSTEMPATH/CodeIgniter.php(349): CodeIgniter\CodeIgniter->handleRequest()
 9 FCPATH/index.php(55): CodeIgniter\CodeIgniter->run()
CRITICAL - 2024-09-05 01:50:02 --> Creation of dynamic property App\Controllers\Blog::$data is deprecated
in APPPATH/Controllers/Blog.php on line 27.
 1 APPPATH/Controllers/Blog.php(27): CodeIgniter\Debug\Exceptions->errorHandler()
 2 SYSTEMPATH/CodeIgniter.php(858): App\Controllers\Blog->__construct()
 3 SYSTEMPATH/CodeIgniter.php(457): CodeIgniter\CodeIgniter->createController()
 4 SYSTEMPATH/CodeIgniter.php(349): CodeIgniter\CodeIgniter->handleRequest()
 5 FCPATH/index.php(55): CodeIgniter\CodeIgniter->run()
